mode: atomic
github.com/ShatteredRealms/go-backend/pkg/helpers/auth.go:14.79,16.2 1 1
github.com/ShatteredRealms/go-backend/pkg/helpers/auth.go:18.85,26.2 2 3
github.com/ShatteredRealms/go-backend/pkg/helpers/auth.go:28.59,33.2 1 1
github.com/ShatteredRealms/go-backend/pkg/helpers/character.go:17.17,18.19 1 0
github.com/ShatteredRealms/go-backend/pkg/helpers/character.go:18.19,20.3 1 0
github.com/ShatteredRealms/go-backend/pkg/helpers/character.go:22.2,23.33 2 0
github.com/ShatteredRealms/go-backend/pkg/helpers/character.go:24.32,26.17 2 0
github.com/ShatteredRealms/go-backend/pkg/helpers/character.go:26.17,28.4 1 0
github.com/ShatteredRealms/go-backend/pkg/helpers/character.go:29.3,29.42 1 0
github.com/ShatteredRealms/go-backend/pkg/helpers/character.go:31.30,32.33 1 0
github.com/ShatteredRealms/go-backend/pkg/helpers/character.go:34.10,36.35 2 0
github.com/ShatteredRealms/go-backend/pkg/helpers/character.go:39.2,39.31 1 0
github.com/ShatteredRealms/go-backend/pkg/helpers/character.go:46.19,48.33 2 0
github.com/ShatteredRealms/go-backend/pkg/helpers/character.go:49.32,50.31 1 0
github.com/ShatteredRealms/go-backend/pkg/helpers/character.go:52.30,54.17 2 0
github.com/ShatteredRealms/go-backend/pkg/helpers/character.go:54.17,56.4 1 0
github.com/ShatteredRealms/go-backend/pkg/helpers/character.go:57.3,57.40 1 0
github.com/ShatteredRealms/go-backend/pkg/helpers/character.go:59.10,61.36 2 0
github.com/ShatteredRealms/go-backend/pkg/helpers/character.go:64.2,64.33 1 0
github.com/ShatteredRealms/go-backend/pkg/helpers/config.go:9.40,13.55 3 0
github.com/ShatteredRealms/go-backend/pkg/helpers/config.go:13.55,15.3 1 0
github.com/ShatteredRealms/go-backend/pkg/helpers/config.go:17.2,17.38 1 0
github.com/ShatteredRealms/go-backend/pkg/helpers/config.go:17.38,19.3 1 0
github.com/ShatteredRealms/go-backend/pkg/helpers/config.go:22.52,23.34 1 0
github.com/ShatteredRealms/go-backend/pkg/helpers/config.go:23.34,26.3 2 0
github.com/ShatteredRealms/go-backend/pkg/helpers/config.go:28.2,28.38 1 0
github.com/ShatteredRealms/go-backend/pkg/helpers/config.go:28.38,30.3 1 0
github.com/ShatteredRealms/go-backend/pkg/helpers/conversions.go:3.48,5.28 2 0
github.com/ShatteredRealms/go-backend/pkg/helpers/conversions.go:5.28,7.3 1 0
github.com/ShatteredRealms/go-backend/pkg/helpers/conversions.go:9.2,9.13 1 0
github.com/ShatteredRealms/go-backend/pkg/helpers/errors.go:8.63,9.16 1 0
github.com/ShatteredRealms/go-backend/pkg/helpers/errors.go:9.16,11.3 1 0
github.com/ShatteredRealms/go-backend/pkg/helpers/grpc.go:15.87,16.86 1 0
github.com/ShatteredRealms/go-backend/pkg/helpers/grpc.go:16.86,18.94 1 0
github.com/ShatteredRealms/go-backend/pkg/helpers/grpc.go:18.94,20.4 1 0
github.com/ShatteredRealms/go-backend/pkg/helpers/grpc.go:20.9,25.29 4 0
github.com/ShatteredRealms/go-backend/pkg/helpers/grpc.go:25.29,27.5 1 0
github.com/ShatteredRealms/go-backend/pkg/helpers/grpc.go:29.4,29.32 1 0
github.com/ShatteredRealms/go-backend/pkg/helpers/grpc.go:39.3,50.16 6 0
github.com/ShatteredRealms/go-backend/pkg/helpers/grpc.go:50.16,52.3 1 0
github.com/ShatteredRealms/go-backend/pkg/helpers/logging.go:10.20,24.2 4 0
github.com/ShatteredRealms/go-backend/pkg/helpers/srv.go:33.52,39.25 1 0
github.com/ShatteredRealms/go-backend/pkg/helpers/srv.go:39.25,42.3 2 0
github.com/ShatteredRealms/go-backend/pkg/helpers/srv.go:44.54,50.10 1 0
github.com/ShatteredRealms/go-backend/pkg/helpers/srv.go:50.10,53.3 2 0
github.com/ShatteredRealms/go-backend/pkg/helpers/srv.go:56.39,62.2 1 0
github.com/ShatteredRealms/go-backend/pkg/helpers/srv.go:64.67,66.2 1 0
github.com/ShatteredRealms/go-backend/pkg/helpers/srv.go:68.61,79.2 1 0
github.com/ShatteredRealms/go-backend/pkg/helpers/srv.go:81.56,83.15 2 0
github.com/ShatteredRealms/go-backend/pkg/helpers/srv.go:83.15,85.3 1 0
github.com/ShatteredRealms/go-backend/pkg/helpers/srv.go:87.2,87.50 1 0
github.com/ShatteredRealms/go-backend/pkg/helpers/srv.go:87.50,89.3 1 0
github.com/ShatteredRealms/go-backend/pkg/helpers/srv.go:91.2,91.58 1 0
github.com/ShatteredRealms/go-backend/pkg/helpers/srv.go:94.67,96.16 2 0
github.com/ShatteredRealms/go-backend/pkg/helpers/srv.go:96.16,98.3 1 0
github.com/ShatteredRealms/go-backend/pkg/helpers/srv.go:100.2,101.16 2 0
github.com/ShatteredRealms/go-backend/pkg/helpers/srv.go:101.16,104.3 2 0
github.com/ShatteredRealms/go-backend/pkg/helpers/srv.go:106.2,107.20 2 0
github.com/ShatteredRealms/go-backend/pkg/helpers/srv.go:110.117,112.16 2 0
github.com/ShatteredRealms/go-backend/pkg/helpers/srv.go:112.16,114.3 1 0
github.com/ShatteredRealms/go-backend/pkg/helpers/srv.go:116.2,124.16 3 0
github.com/ShatteredRealms/go-backend/pkg/helpers/srv.go:124.16,127.3 2 0
github.com/ShatteredRealms/go-backend/pkg/helpers/srv.go:129.2,129.18 1 0
github.com/ShatteredRealms/go-backend/pkg/helpers/srv.go:129.18,131.3 1 0
github.com/ShatteredRealms/go-backend/pkg/helpers/srv.go:133.2,133.28 1 0
github.com/ShatteredRealms/go-backend/pkg/helpers/uuid.go:9.59,11.39 2 0
github.com/ShatteredRealms/go-backend/pkg/helpers/uuid.go:11.39,13.17 2 0
github.com/ShatteredRealms/go-backend/pkg/helpers/uuid.go:13.17,15.4 1 0
github.com/ShatteredRealms/go-backend/pkg/helpers/uuid.go:16.3,16.17 1 0
github.com/ShatteredRealms/go-backend/pkg/helpers/uuid.go:19.2,19.17 1 0
